[debug] [2018-08-06T09:09:20.061Z] ----------------------------------------------------------------------
[debug] [2018-08-06T09:09:20.063Z] Command:       C:\Program Files\nodejs\node.exe C:\Users\Keji\AppData\Roaming\npm\node_modules\firebase-tools\bin\firebase serve
[debug] [2018-08-06T09:09:20.063Z] CLI Version:   3.18.6
[debug] [2018-08-06T09:09:20.063Z] Platform:      win32
[debug] [2018-08-06T09:09:20.063Z] Node Version:  v8.11.3
[debug] [2018-08-06T09:09:20.064Z] Time:          Mon Aug 06 2018 17:09:20 GMT+0800 (Malay Peninsula Standard Time)
[debug] [2018-08-06T09:09:20.064Z] ----------------------------------------------------------------------
[debug] 
[debug] [2018-08-06T09:09:20.073Z] > command requires scopes: ["email","openid","https://www.googleapis.com/auth/cloudplatformprojects.readonly","https://www.googleapis.com/auth/firebase","https://www.googleapis.com/auth/cloud-platform"]
[debug] [2018-08-06T09:09:20.073Z] > authorizing via signed-in user
[debug] [2018-08-06T09:09:20.075Z] > refreshing access token with scopes: ["email","https://www.googleapis.com/auth/cloud-platform","https://www.googleapis.com/auth/cloudplatformprojects.readonly","https://www.googleapis.com/auth/firebase","openid"]
[debug] [2018-08-06T09:09:20.075Z] >>> HTTP REQUEST POST https://www.googleapis.com/oauth2/v3/token  
 { refresh_token: '1/rzBqV8OpUpMWkasVLTo_V40Rpah6B8DaUbIonjk7NJo',
  client_id: '563584335869-fgrhgmd47bqnekij5i8b5pr03ho849e6.apps.googleusercontent.com',
  client_secret: 'j9iVZfS8kkCEFUPaAeJV0sAi',
  grant_type: 'refresh_token',
  scope: 'email https://www.googleapis.com/auth/cloud-platform https://www.googleapis.com/auth/cloudplatformprojects.readonly https://www.googleapis.com/auth/firebase openid' } 
 Mon Aug 06 2018 17:09:20 GMT+0800 (Malay Peninsula Standard Time)
[debug] [2018-08-06T09:09:20.766Z] <<< HTTP RESPONSE 200
[debug] [2018-08-06T09:09:20.773Z] >>> HTTP REQUEST GET https://admin.firebase.com/v1/projects/group5antique  
  
 Mon Aug 06 2018 17:09:20 GMT+0800 (Malay Peninsula Standard Time)
[debug] [2018-08-06T09:09:23.068Z] <<< HTTP RESPONSE 200
[debug] [2018-08-06T09:09:23.069Z] >>> HTTP REQUEST GET https://admin.firebase.com/v1/database/group5antique/tokens  
  
 Mon Aug 06 2018 17:09:23 GMT+0800 (Malay Peninsula Standard Time)
[debug] [2018-08-06T09:09:24.168Z] <<< HTTP RESPONSE 200
[debug] [2018-08-06T09:09:24.168Z] >>> HTTP REQUEST GET https://cloudresourcemanager.googleapis.com/v1/projects/group5antique  
  
 Mon Aug 06 2018 17:09:24 GMT+0800 (Malay Peninsula Standard Time)
[debug] [2018-08-06T09:09:27.257Z] <<< HTTP RESPONSE 200
[info] 
[info] === Serving from 'C:\Users\Keji\wanderaweb\WanderAweb'...
[info] 
[debug] [2018-08-06T09:09:27.261Z] >>> HTTP REQUEST GET https://mobilesdk-pa.googleapis.com/v1/projects/69154273022/clients/_:getWebAppConfig  
  
 Mon Aug 06 2018 17:09:27 GMT+0800 (Malay Peninsula Standard Time)
[debug] [2018-08-06T09:09:30.284Z] <<< HTTP RESPONSE 200
[info] i  hosting: Serving hosting files from: public
[info] +  hosting: Local server: http://localhost:5000

